<?xml version="1.0" encoding="utf-8"?><testsuites><testsuite name="pytest" errors="0" failures="0" skipped="0" tests="3" time="29.404" timestamp="2023-04-21T21:18:15.894670" hostname="Ruthels-MacBook-Pro.local"><testcase classname="test_createAccount.TestOne" name="test_createAccount[createAccountData0]" time="5.391" /><testcase classname="test_createAccount.TestOne" name="test_createAccount[createAccountData1]" time="2.927" /><testcase classname="test_searchItem.TestOne" name="test_searchItem[signinData0]" time="21.067" /></testsuite></testsuites>