<?xml version="1.0" encoding="utf-8"?><testsuites><testsuite name="pytest" errors="0" failures="0" skipped="0" tests="3" time="28.422" timestamp="2023-08-23T07:55:52.932984" hostname="Ruthels-MacBook-Pro.local"><testcase classname="test_createAccount.TestOne" name="test_createAccount[createAccountData0]" time="5.269" /><testcase classname="test_createAccount.TestOne" name="test_createAccount[createAccountData1]" time="2.818" /><testcase classname="test_searchItem.TestOne" name="test_searchItem[signinData0]" time="20.314" /></testsuite></testsuites>